<?xml version="1.0" encoding="UTF-8"?>
<!-- Generated by org.testng.reporters.JUnitXMLReporter -->
<testsuite ignored="0" hostname="DESKTOP-URBSHGT" failures="0" tests="5" name="Default test" time="93.256" errors="0" timestamp="2023-11-20T20:38:54 IST">
  <testcase classname="testCases.LoginNinja" name="NinjaLogin" time="2.684"/>
  <testcase classname="testCases.LoginNinja" name="verifyInvalidLogin" time="2.662"/>
  <testcase classname="testCases.LoginNinja" name="loginwithInvalidEmailandValidpassword" time="1.661"/>
  <testcase classname="testCases.LoginNinja" name="loginwithValidemailandInvalidemail" time="1.697"/>
  <testcase classname="testCases.LoginNinja" name="withoutEmailandPassword" time="1.553"/>
</testsuite> <!-- Default test -->
