<?xml version="1.0" encoding="UTF-8"?>
<!-- Generated by org.testng.reporters.JUnitXMLReporter -->
<testsuite ignored="0" hostname="DESKTOP-URBSHGT" failures="0" tests="5" name="Default test" time="98.307" errors="0" timestamp="2023-11-20T20:22:22 IST">
  <testcase classname="testCases.LoginNinja" name="NinjaLogin" time="20.384"/>
  <testcase classname="testCases.LoginNinja" name="verifyInvalidLogin" time="18.233"/>
  <testcase classname="testCases.LoginNinja" name="loginwithInvalidEmailandValidpassword" time="16.021"/>
  <testcase classname="testCases.LoginNinja" name="loginwithValidemailandInvalidemail" time="23.165"/>
  <testcase classname="testCases.LoginNinja" name="withoutEmailandPassword" time="20.301"/>
</testsuite> <!-- Default test -->
