<?xml version="1.0" encoding="UTF-8"?>
<testng-results ignored="0" total="1" passed="1" failed="0" skipped="0">
  <reporter-output>
  </reporter-output>
  <suite started-at="2023-11-20T18:52:27 IST" name="Default suite" finished-at="2023-11-20T18:52:43 IST" duration-ms="16145">
    <groups>
    </groups>
    <test started-at="2023-11-20T18:52:27 IST" name="Default test" finished-at="2023-11-20T18:52:43 IST" duration-ms="16145">
      <class name="testCases.LoginNinja">
        <test-method signature="NinjaLogin()[pri:0, instance:testCases.LoginNinja@1ddf84b8]" started-at="2023-11-20T18:52:27 IST" name="NinjaLogin" finished-at="2023-11-20T18:52:43 IST" duration-ms="16003" status="PASS">
          <reporter-output>
          </reporter-output>
        </test-method> <!-- NinjaLogin -->
      </class> <!-- testCases.LoginNinja -->
    </test> <!-- Default test -->
  </suite> <!-- Default suite -->
</testng-results>
