<?xml version="1.0" encoding="UTF-8"?>
<testng-results ignored="0" total="5" passed="5" failed="0" skipped="0">
  <reporter-output>
  </reporter-output>
  <suite started-at="2023-11-20T20:20:43 IST" name="Default suite" finished-at="2023-11-20T20:22:22 IST" duration-ms="98307">
    <groups>
    </groups>
    <test started-at="2023-11-20T20:20:43 IST" name="Default test" finished-at="2023-11-20T20:22:22 IST" duration-ms="98307">
      <class name="testCases.LoginNinja">
        <test-method signature="NinjaLogin()[pri:1, instance:testCases.LoginNinja@636be97c]" started-at="2023-11-20T20:20:44 IST" name="NinjaLogin" finished-at="2023-11-20T20:21:04 IST" duration-ms="20384" status="PASS">
          <reporter-output>
          </reporter-output>
        </test-method> <!-- NinjaLogin -->
        <test-method signature="verifyInvalidLogin()[pri:2, instance:testCases.LoginNinja@636be97c]" started-at="2023-11-20T20:21:04 IST" name="verifyInvalidLogin" finished-at="2023-11-20T20:21:22 IST" duration-ms="18233" status="PASS">
          <reporter-output>
          </reporter-output>
        </test-method> <!-- verifyInvalidLogin -->
        <test-method signature="loginwithInvalidEmailandValidpassword()[pri:3, instance:testCases.LoginNinja@636be97c]" started-at="2023-11-20T20:21:22 IST" name="loginwithInvalidEmailandValidpassword" finished-at="2023-11-20T20:21:38 IST" duration-ms="16021" status="PASS">
          <reporter-output>
          </reporter-output>
        </test-method> <!-- loginwithInvalidEmailandValidpassword -->
        <test-method signature="loginwithValidemailandInvalidemail()[pri:4, instance:testCases.LoginNinja@636be97c]" started-at="2023-11-20T20:21:38 IST" name="loginwithValidemailandInvalidemail" finished-at="2023-11-20T20:22:01 IST" duration-ms="23165" status="PASS">
          <reporter-output>
          </reporter-output>
        </test-method> <!-- loginwithValidemailandInvalidemail -->
        <test-method signature="withoutEmailandPassword()[pri:5, instance:testCases.LoginNinja@636be97c]" started-at="2023-11-20T20:22:01 IST" name="withoutEmailandPassword" finished-at="2023-11-20T20:22:22 IST" duration-ms="20301" status="PASS">
          <reporter-output>
          </reporter-output>
        </test-method> <!-- withoutEmailandPassword -->
      </class> <!-- testCases.LoginNinja -->
    </test> <!-- Default test -->
  </suite> <!-- Default suite -->
</testng-results>
