<?xml version="1.0" encoding="UTF-8"?>
<!-- Generated by org.testng.reporters.JUnitXMLReporter -->
<testsuite ignored="0" hostname="DESKTOP-URBSHGT" failures="0" tests="12" name="Tutorial Testcases" time="286.602" errors="0" timestamp="2023-11-22T18:16:22 IST">
  <testcase classname="testCases.RegisterTest" name="registerWithMandatoryFields" time="4.86"/>
  <testcase classname="testCases.RegisterTest" name="verifyWithAllfields" time="3.506"/>
  <testcase classname="testCases.RegisterTest" name="verifyduplicateEmail" time="3.4"/>
  <testcase classname="testCases.RegisterTest" name="verifyWithoutFillingtheDetails" time="1.494"/>
  <testcase classname="testCases.LoginNinjaTest" name="NinjaLogin" time="0.0">
    <skipped/>
  </testcase> <!-- NinjaLogin -->
  <testcase classname="testCases.LoginNinjaTest" name="verifyInvalidLogin" time="4.794"/>
  <testcase classname="testCases.LoginNinjaTest" name="loginwithInvalidEmailandValidpassword" time="1.777"/>
  <testcase classname="testCases.LoginNinjaTest" name="loginwithValidemailandInvalidemail" time="2.157"/>
  <testcase classname="testCases.LoginNinjaTest" name="withoutEmailandPassword" time="1.08"/>
  <testcase classname="testCases.SearchTest" name="searchWithValidproduct" time="1.445"/>
  <testcase classname="testCases.SearchTest" name="searchWithInvalidproduct" time="1.381"/>
  <testcase classname="testCases.SearchTest" name="verifywithoutenringtheProduct" time="1.538"/>
</testsuite> <!-- Tutorial Testcases -->
